[0;32m[2026-03-02 20:00:01][0m 🚀 开始每日同步任务
[0;32m[2026-03-02 20:00:01][0m 📥 拉取最新代码...
[0;32m[2026-03-02 20:00:04][0m 📡 检查7个RSS源...
[0;32m[2026-03-02 20:00:04][0m   检查: https://realtimevfx.com/latest.rss
[0;32m[2026-03-02 20:00:04][0m   检查: https://www.sidefx.com/community/blog-rss/
[0;32m[2026-03-02 20:00:04][0m   检查: https://80.lv/articles/vfx/feed/
[0;32m[2026-03-02 20:00:04][0m   检查: https://www.gamedev.net/news/multiplatform/rss
[0;32m[2026-03-02 20:00:04][0m   检查: https://gamasutra.com/rss.xml
[0;32m[2026-03-02 20:00:04][0m 🖼️  抓取文章配图...
[0;32m[2026-03-02 20:00:04][0m   配图抓取策略:
[0;32m[2026-03-02 20:00:04][0m     1. 从原文链接抓取主图
[0;32m[2026-03-02 20:00:04][0m     2. 生成SVG架构图
[0;32m[2026-03-02 20:00:04][0m     3. 代码示例高亮图
[0;32m[2026-03-02 20:00:04][0m 📝 标准化处理...
[0;32m[2026-03-02 20:00:04][0m   运行文章标准化...
[0;32m[2026-03-02 20:00:04][0m 📊 检查专栏文章数...
[0;32m[2026-03-02 20:00:04][0m   专栏文章数检查:
[0;32m[2026-03-02 20:00:04][0m     多端开发 (0): 0
0 篇
[0;32m[2026-03-02 20:00:04][0m 📤 提交更新...
[0;32m[2026-03-02 20:00:07][0m ✅ 每日同步完成
[0;32m[2026-03-03 20:00:00][0m 🚀 开始每日同步任务
[0;32m[2026-03-03 20:00:00][0m 📥 拉取最新代码...
[0;32m[2026-03-03 20:00:03][0m 📡 检查7个RSS源...
[0;32m[2026-03-03 20:00:03][0m   检查: https://realtimevfx.com/latest.rss
[0;32m[2026-03-03 20:00:03][0m   检查: https://www.sidefx.com/community/blog-rss/
[0;32m[2026-03-03 20:00:03][0m   检查: https://80.lv/articles/vfx/feed/
[0;32m[2026-03-03 20:00:03][0m   检查: https://www.gamedev.net/news/multiplatform/rss
[0;32m[2026-03-03 20:00:03][0m   检查: https://gamasutra.com/rss.xml
[0;32m[2026-03-03 20:00:03][0m 🖼️  抓取文章配图...
[0;32m[2026-03-03 20:00:03][0m   配图抓取策略:
[0;32m[2026-03-03 20:00:03][0m     1. 从原文链接抓取主图
[0;32m[2026-03-03 20:00:03][0m     2. 生成SVG架构图
[0;32m[2026-03-03 20:00:04][0m     3. 代码示例高亮图
[0;32m[2026-03-03 20:00:04][0m 📝 标准化处理...
[0;32m[2026-03-03 20:00:04][0m   运行文章标准化...
[0;32m[2026-03-03 20:00:04][0m 📊 检查专栏文章数...
[0;32m[2026-03-03 20:00:04][0m   专栏文章数检查:
[0;32m[2026-03-03 20:00:04][0m     多端开发 (0): 0
0 篇
[0;32m[2026-03-03 20:00:04][0m 📤 提交更新...
[0;32m[2026-03-03 20:00:07][0m ✅ 每日同步完成
[0;32m[2026-03-04 08:00:01][0m 🚀 开始每日同步任务
[0;32m[2026-03-04 08:00:01][0m 📥 拉取最新代码...
[0;32m[2026-03-04 08:00:04][0m 📡 检查7个RSS源...
[0;32m[2026-03-04 08:00:04][0m   检查: https://realtimevfx.com/latest.rss
[0;32m[2026-03-04 08:00:04][0m   检查: https://www.sidefx.com/community/blog-rss/
[0;32m[2026-03-04 08:00:04][0m   检查: https://80.lv/articles/vfx/feed/
[0;32m[2026-03-04 08:00:04][0m   检查: https://www.gamedev.net/news/multiplatform/rss
[0;32m[2026-03-04 08:00:04][0m   检查: https://gamasutra.com/rss.xml
[0;32m[2026-03-04 08:00:04][0m 🖼️  抓取文章配图...
[0;32m[2026-03-04 08:00:04][0m   配图抓取策略:
[0;32m[2026-03-04 08:00:04][0m     1. 从原文链接抓取主图
[0;32m[2026-03-04 08:00:04][0m     2. 生成SVG架构图
[0;32m[2026-03-04 08:00:04][0m     3. 代码示例高亮图
[0;32m[2026-03-04 08:00:04][0m 📝 标准化处理...
[0;32m[2026-03-04 08:00:04][0m   运行文章标准化...
[0;32m[2026-03-04 08:00:04][0m 📊 检查专栏文章数...
[0;32m[2026-03-04 08:00:04][0m   专栏文章数检查:
[0;32m[2026-03-04 08:00:04][0m     多端开发 (0): 0
0 篇
[0;32m[2026-03-04 08:00:04][0m 📤 提交更新...
[0;32m[2026-03-04 08:00:07][0m ✅ 每日同步完成
[0;32m[2026-03-04 10:00:00][0m 🔍 开始3日深度Review
[0;32m[2026-03-04 10:00:00][0m 📋 检查文章勘误...
[0;32m[2026-03-04 10:00:00][0m   检查文章错误...
[0;32m[2026-03-04 10:00:00][0m 🔗 验证外部链接...
[0;32m[2026-03-04 10:00:00][0m   验证外部链接...
[0;32m[2026-03-04 10:00:00][0m ⭐ 评估内容质量...
[0;32m[2026-03-04 10:00:00][0m   质量评估标准:
[0;32m[2026-03-04 10:00:00][0m     - 字数 > 800
[0;32m[2026-03-04 10:00:00][0m     - 包含代码示例
[0;32m[2026-03-04 10:00:00][0m     - 包含技术分析框
[0;32m[2026-03-04 10:00:00][0m     - 包含参考资源
[0;32m[2026-03-04 10:00:00][0m     - 包含配图
[0;32m[2026-03-04 10:00:00][0m 🏆 标记优质内容...
[0;32m[2026-03-04 10:00:00][0m   标记优质内容...
[0;32m[2026-03-04 10:00:00][0m   报告已生成: /tmp/realtime-tech-library/logs/review-report-20260304.md
