[0;32m[2026-03-02 20:00:01][0m 🚀 开始每日同步任务
[0;32m[2026-03-02 20:00:01][0m 📥 拉取最新代码...
From github.com:mors0422/realtime-tech-library
 * branch            main       -> FETCH_HEAD
Already up to date.
[0;32m[2026-03-02 20:00:04][0m 📡 检查7个RSS源...
[0;32m[2026-03-02 20:00:04][0m   检查: https://realtimevfx.com/latest.rss
[0;32m[2026-03-02 20:00:04][0m   检查: https://www.sidefx.com/community/blog-rss/
[0;32m[2026-03-02 20:00:04][0m   检查: https://80.lv/articles/vfx/feed/
[0;32m[2026-03-02 20:00:04][0m   检查: https://www.gamedev.net/news/multiplatform/rss
[0;32m[2026-03-02 20:00:04][0m   检查: https://gamasutra.com/rss.xml
[0;32m[2026-03-02 20:00:04][0m 🖼️  抓取文章配图...
[0;32m[2026-03-02 20:00:04][0m   配图抓取策略:
[0;32m[2026-03-02 20:00:04][0m     1. 从原文链接抓取主图
[0;32m[2026-03-02 20:00:04][0m     2. 生成SVG架构图
[0;32m[2026-03-02 20:00:04][0m     3. 代码示例高亮图
[0;32m[2026-03-02 20:00:04][0m 📝 标准化处理...
[0;32m[2026-03-02 20:00:04][0m   运行文章标准化...
[0;32m[2026-03-02 20:00:04][0m 📊 检查专栏文章数...
[0;32m[2026-03-02 20:00:04][0m   专栏文章数检查:
/tmp/realtime-tech-library/auto-cron.sh: line 136: declare: -A: invalid option
declare: usage: declare [-afFirtx] [-p] [name[=value] ...]
[0;32m[2026-03-02 20:00:04][0m     多端开发 (0): 0
0 篇
/tmp/realtime-tech-library/auto-cron.sh: line 153: [: 0
0: integer expression expected
[0;32m[2026-03-02 20:00:04][0m 📤 提交更新...
[main 895f75f] auto: 每日同步 20260302-2000
 3 files changed, 134 insertions(+)
 create mode 100644 config/api-config.json
 create mode 100644 logs/auto.log
remote: This repository moved. Please use the new location:        
remote:   git@github.com:MORS0422/realtime-tech-library.git        
To github.com:mors0422/realtime-tech-library.git
   8fde32d..895f75f  main -> main
[0;32m[2026-03-02 20:00:07][0m ✅ 每日同步完成
[0;32m[2026-03-03 20:00:00][0m 🚀 开始每日同步任务
[0;32m[2026-03-03 20:00:00][0m 📥 拉取最新代码...
From github.com:mors0422/realtime-tech-library
 * branch            main       -> FETCH_HEAD
Already up to date.
[0;32m[2026-03-03 20:00:03][0m 📡 检查7个RSS源...
[0;32m[2026-03-03 20:00:03][0m   检查: https://realtimevfx.com/latest.rss
[0;32m[2026-03-03 20:00:03][0m   检查: https://www.sidefx.com/community/blog-rss/
[0;32m[2026-03-03 20:00:03][0m   检查: https://80.lv/articles/vfx/feed/
[0;32m[2026-03-03 20:00:03][0m   检查: https://www.gamedev.net/news/multiplatform/rss
[0;32m[2026-03-03 20:00:03][0m   检查: https://gamasutra.com/rss.xml
[0;32m[2026-03-03 20:00:03][0m 🖼️  抓取文章配图...
[0;32m[2026-03-03 20:00:03][0m   配图抓取策略:
[0;32m[2026-03-03 20:00:03][0m     1. 从原文链接抓取主图
[0;32m[2026-03-03 20:00:03][0m     2. 生成SVG架构图
[0;32m[2026-03-03 20:00:04][0m     3. 代码示例高亮图
[0;32m[2026-03-03 20:00:04][0m 📝 标准化处理...
[0;32m[2026-03-03 20:00:04][0m   运行文章标准化...
[0;32m[2026-03-03 20:00:04][0m 📊 检查专栏文章数...
[0;32m[2026-03-03 20:00:04][0m   专栏文章数检查:
/tmp/realtime-tech-library/auto-cron.sh: line 136: declare: -A: invalid option
declare: usage: declare [-afFirtx] [-p] [name[=value] ...]
[0;32m[2026-03-03 20:00:04][0m     多端开发 (0): 0
0 篇
/tmp/realtime-tech-library/auto-cron.sh: line 153: [: 0
0: integer expression expected
[0;32m[2026-03-03 20:00:04][0m 📤 提交更新...
[main 577b22d] auto: 每日同步 20260303-2000
 4 files changed, 47 insertions(+)
 create mode 100644 FIXEOF
 create mode 100644 PYEOF
remote: This repository moved. Please use the new location:        
remote:   git@github.com:MORS0422/realtime-tech-library.git        
To github.com:mors0422/realtime-tech-library.git
   82f6608..577b22d  main -> main
[0;32m[2026-03-03 20:00:07][0m ✅ 每日同步完成
[0;32m[2026-03-04 08:00:01][0m 🚀 开始每日同步任务
[0;32m[2026-03-04 08:00:01][0m 📥 拉取最新代码...
From github.com:mors0422/realtime-tech-library
 * branch            main       -> FETCH_HEAD
Already up to date.
[0;32m[2026-03-04 08:00:04][0m 📡 检查7个RSS源...
[0;32m[2026-03-04 08:00:04][0m   检查: https://realtimevfx.com/latest.rss
[0;32m[2026-03-04 08:00:04][0m   检查: https://www.sidefx.com/community/blog-rss/
[0;32m[2026-03-04 08:00:04][0m   检查: https://80.lv/articles/vfx/feed/
[0;32m[2026-03-04 08:00:04][0m   检查: https://www.gamedev.net/news/multiplatform/rss
[0;32m[2026-03-04 08:00:04][0m   检查: https://gamasutra.com/rss.xml
[0;32m[2026-03-04 08:00:04][0m 🖼️  抓取文章配图...
[0;32m[2026-03-04 08:00:04][0m   配图抓取策略:
[0;32m[2026-03-04 08:00:04][0m     1. 从原文链接抓取主图
[0;32m[2026-03-04 08:00:04][0m     2. 生成SVG架构图
[0;32m[2026-03-04 08:00:04][0m     3. 代码示例高亮图
[0;32m[2026-03-04 08:00:04][0m 📝 标准化处理...
[0;32m[2026-03-04 08:00:04][0m   运行文章标准化...
[0;32m[2026-03-04 08:00:04][0m 📊 检查专栏文章数...
[0;32m[2026-03-04 08:00:04][0m   专栏文章数检查:
/tmp/realtime-tech-library/auto-cron.sh: line 136: declare: -A: invalid option
declare: usage: declare [-afFirtx] [-p] [name[=value] ...]
[0;32m[2026-03-04 08:00:04][0m     多端开发 (0): 0
0 篇
/tmp/realtime-tech-library/auto-cron.sh: line 153: [: 0
0: integer expression expected
[0;32m[2026-03-04 08:00:04][0m 📤 提交更新...
[main 3b94e93] auto: 每日同步 20260304-0800
 2 files changed, 57 insertions(+)
remote: This repository moved. Please use the new location:        
remote:   git@github.com:MORS0422/realtime-tech-library.git        
To github.com:mors0422/realtime-tech-library.git
   8aef3b7..3b94e93  main -> main
[0;32m[2026-03-04 08:00:07][0m ✅ 每日同步完成
[0;32m[2026-03-04 10:00:00][0m 🔍 开始3日深度Review
[0;32m[2026-03-04 10:00:00][0m 📋 检查文章勘误...
[0;32m[2026-03-04 10:00:00][0m   检查文章错误...
[0;32m[2026-03-04 10:00:00][0m 🔗 验证外部链接...
[0;32m[2026-03-04 10:00:00][0m   验证外部链接...
[0;32m[2026-03-04 10:00:00][0m ⭐ 评估内容质量...
[0;32m[2026-03-04 10:00:00][0m   质量评估标准:
[0;32m[2026-03-04 10:00:00][0m     - 字数 > 800
[0;32m[2026-03-04 10:00:00][0m     - 包含代码示例
[0;32m[2026-03-04 10:00:00][0m     - 包含技术分析框
[0;32m[2026-03-04 10:00:00][0m     - 包含参考资源
[0;32m[2026-03-04 10:00:00][0m     - 包含配图
[0;32m[2026-03-04 10:00:00][0m 🏆 标记优质内容...
[0;32m[2026-03-04 10:00:00][0m   标记优质内容...
[0;32m[2026-03-04 10:00:00][0m   报告已生成: /tmp/realtime-tech-library/logs/review-report-20260304.md
[main 38af102] auto: 3日Review 20260304
 3 files changed, 84 insertions(+)
 create mode 100644 logs/review-report-20260304.md
remote: This repository moved. Please use the new location:        
remote:   git@github.com:MORS0422/realtime-tech-library.git        
To github.com:mors0422/realtime-tech-library.git
   3b94e93..38af102  main -> main
[0;32m[2026-03-04 10:00:03][0m ✅ 3日Review完成
[0;32m[2026-03-04 20:00:00][0m 🚀 开始每日同步任务
[0;32m[2026-03-04 20:00:00][0m 📥 拉取最新代码...
From github.com:mors0422/realtime-tech-library
 * branch            main       -> FETCH_HEAD
   38af102..e906a29  main       -> origin/main
Updating 38af102..e906a29
Fast-forward
 backups/knowledge-base-20260304-140906.js | 1207 ++++++++++++++++++++++++++++
 backups/knowledge-base-20260304-143345.js | 1210 +++++++++++++++++++++++++++++
 data/review_log.json                      |   58 +-
 knowledge-base.js                         |  179 +++--
 4 files changed, 2546 insertions(+), 108 deletions(-)
 create mode 100644 backups/knowledge-base-20260304-140906.js
 create mode 100644 backups/knowledge-base-20260304-143345.js
[0;32m[2026-03-04 20:00:04][0m 📡 检查7个RSS源...
[0;32m[2026-03-04 20:00:04][0m   检查: https://realtimevfx.com/latest.rss
[0;32m[2026-03-04 20:00:04][0m   检查: https://www.sidefx.com/community/blog-rss/
[0;32m[2026-03-04 20:00:04][0m   检查: https://80.lv/articles/vfx/feed/
[0;32m[2026-03-04 20:00:04][0m   检查: https://www.gamedev.net/news/multiplatform/rss
[0;32m[2026-03-04 20:00:04][0m   检查: https://gamasutra.com/rss.xml
[0;32m[2026-03-04 20:00:04][0m 🖼️  抓取文章配图...
[0;32m[2026-03-04 20:00:04][0m   配图抓取策略:
[0;32m[2026-03-04 20:00:04][0m     1. 从原文链接抓取主图
[0;32m[2026-03-04 20:00:04][0m     2. 生成SVG架构图
[0;32m[2026-03-04 20:00:04][0m     3. 代码示例高亮图
[0;32m[2026-03-04 20:00:04][0m 📝 标准化处理...
[0;32m[2026-03-04 20:00:04][0m   运行文章标准化...
[0;32m[2026-03-04 20:00:04][0m 📊 检查专栏文章数...
[0;32m[2026-03-04 20:00:04][0m   专栏文章数检查:
/tmp/realtime-tech-library/auto-cron.sh: line 136: declare: -A: invalid option
declare: usage: declare [-afFirtx] [-p] [name[=value] ...]
[0;32m[2026-03-04 20:00:04][0m     多端开发 (0): 0
0 篇
/tmp/realtime-tech-library/auto-cron.sh: line 153: [: 0
0: integer expression expected
[0;32m[2026-03-04 20:00:04][0m 📤 提交更新...
[main 5540ef1] auto: 每日同步 20260304-2000
 2 files changed, 65 insertions(+)
remote: This repository moved. Please use the new location:        
remote:   git@github.com:MORS0422/realtime-tech-library.git        
To github.com:mors0422/realtime-tech-library.git
   e906a29..5540ef1  main -> main
[0;32m[2026-03-04 20:00:07][0m ✅ 每日同步完成
[0;32m[2026-03-05 08:00:00][0m 🚀 开始每日同步任务
[0;32m[2026-03-05 08:00:00][0m 📥 拉取最新代码...
From github.com:mors0422/realtime-tech-library
 * branch            main       -> FETCH_HEAD
Already up to date.
[0;32m[2026-03-05 08:00:04][0m 📡 检查7个RSS源...
[0;32m[2026-03-05 08:00:04][0m   检查: https://realtimevfx.com/latest.rss
[0;32m[2026-03-05 08:00:04][0m   检查: https://www.sidefx.com/community/blog-rss/
[0;32m[2026-03-05 08:00:04][0m   检查: https://80.lv/articles/vfx/feed/
[0;32m[2026-03-05 08:00:04][0m   检查: https://www.gamedev.net/news/multiplatform/rss
[0;32m[2026-03-05 08:00:04][0m   检查: https://gamasutra.com/rss.xml
[0;32m[2026-03-05 08:00:04][0m 🖼️  抓取文章配图...
[0;32m[2026-03-05 08:00:04][0m   配图抓取策略:
[0;32m[2026-03-05 08:00:04][0m     1. 从原文链接抓取主图
[0;32m[2026-03-05 08:00:04][0m     2. 生成SVG架构图
[0;32m[2026-03-05 08:00:04][0m     3. 代码示例高亮图
[0;32m[2026-03-05 08:00:04][0m 📝 标准化处理...
[0;32m[2026-03-05 08:00:04][0m   运行文章标准化...
[0;32m[2026-03-05 08:00:04][0m 📊 检查专栏文章数...
[0;32m[2026-03-05 08:00:04][0m   专栏文章数检查:
/tmp/realtime-tech-library/auto-cron.sh: line 136: declare: -A: invalid option
declare: usage: declare [-afFirtx] [-p] [name[=value] ...]
[0;32m[2026-03-05 08:00:04][0m     多端开发 (0): 0
0 篇
/tmp/realtime-tech-library/auto-cron.sh: line 153: [: 0
0: integer expression expected
[0;32m[2026-03-05 08:00:04][0m 📤 提交更新...
